2025-12-16 17:35:52,619 - __main__ - INFO - Starting IP Research Tool Weekly Batch...
2025-12-16 17:35:52,686 - __main__ - INFO - Step 1: Fetching candidates from AniList...
2025-12-16 17:35:52,686 - src.anilist_client - INFO - Fetching top 20 trending manga from AniList...
2025-12-16 17:35:53,832 - src.anilist_client - INFO - Successfully fetched 20 manga.
2025-12-16 17:35:53,832 - __main__ - INFO - Step 2: Enriching data with Reddit signals...
2025-12-16 17:35:53,832 - src.reddit_client - WARNING - Reddit credentials missing. Reddit client disabled.
2025-12-16 17:35:53,832 - __main__ - INFO - Step 3: Generating report.csv...
2025-12-16 17:35:53,885 - src.reporter - INFO - Report generated successfully: report.csv
2025-12-16 17:35:53,885 - __main__ - INFO - Batch completed successfully.
2025-12-16 20:23:28,129 - __main__ - INFO - Starting IP Research Tool Weekly Batch...
2025-12-16 20:23:28,129 - __main__ - INFO - Step 1: Fetching candidates from AniList...
2025-12-16 20:23:28,129 - src.anilist_client - INFO - Fetching top 20 trending manga from AniList...
2025-12-16 20:23:29,166 - src.anilist_client - INFO - Successfully fetched 20 manga.
2025-12-16 20:23:29,166 - __main__ - INFO - Step 2: Enriching data with Google Trends signals...
2025-12-16 20:23:29,656 - src.google_trends_client - INFO - Sleeping 3.85s before Trends request for 'Dandadan'...
2025-12-16 20:23:33,502 - src.google_trends_client - ERROR - Trends API error for Dandadan: Retry.__init__() got an unexpected keyword argument 'method_whitelist'
2025-12-16 20:23:33,502 - src.google_trends_client - INFO - Sleeping 2.07s before Trends request for 'One Piece'...
2025-12-16 20:23:35,571 - src.google_trends_client - ERROR - Trends API error for One Piece: Retry.__init__() got an unexpected keyword argument 'method_whitelist'
2025-12-16 20:23:35,571 - src.google_trends_client - INFO - Sleeping 3.30s before Trends request for 'Chainsaw Man'...
2025-12-16 20:23:38,868 - src.google_trends_client - ERROR - Trends API error for Chainsaw Man: Retry.__init__() got an unexpected keyword argument 'method_whitelist'
2025-12-16 20:23:38,868 - src.google_trends_client - INFO - Sleeping 3.03s before Trends request for 'One-Punch Man'...
2025-12-16 20:23:41,900 - src.google_trends_client - ERROR - Trends API error for One-Punch Man: Retry.__init__() got an unexpected keyword argument 'method_whitelist'
2025-12-16 20:23:41,901 - src.google_trends_client - INFO - Sleeping 2.91s before Trends request for 'The Magical Revolution of the Reincarnated Princess and the Genius Young Lady'...
2025-12-16 20:23:44,806 - src.google_trends_client - ERROR - Trends API error for The Magical Revolution of the Reincarnated Princess and the Genius Young Lady: Retry.__init__() got an unexpected keyword argument 'method_whitelist'
2025-12-16 20:23:44,807 - src.google_trends_client - INFO - Sleeping 2.84s before Trends request for 'Kagurabachi'...
2025-12-16 20:23:47,643 - src.google_trends_client - ERROR - Trends API error for Kagurabachi: Retry.__init__() got an unexpected keyword argument 'method_whitelist'
2025-12-16 20:23:47,643 - src.google_trends_client - INFO - Sleeping 2.75s before Trends request for 'Noa-senpai wa Tomodachi.'...
2025-12-16 20:23:50,391 - src.google_trends_client - ERROR - Trends API error for Noa-senpai wa Tomodachi.: Retry.__init__() got an unexpected keyword argument 'method_whitelist'
2025-12-16 20:23:50,392 - src.google_trends_client - INFO - Sleeping 4.12s before Trends request for 'Damedol and the Only Fan in the World'...
2025-12-16 20:23:54,509 - src.google_trends_client - ERROR - Trends API error for Damedol and the Only Fan in the World: Retry.__init__() got an unexpected keyword argument 'method_whitelist'
2025-12-16 20:23:54,510 - src.google_trends_client - INFO - Sleeping 3.00s before Trends request for 'Sakamoto Days'...
2025-12-16 20:23:57,515 - src.google_trends_client - ERROR - Trends API error for Sakamoto Days: Retry.__init__() got an unexpected keyword argument 'method_whitelist'
2025-12-16 20:23:57,515 - src.google_trends_client - INFO - Sleeping 2.56s before Trends request for 'Jujutsu Kaisen Modulo'...
2025-12-16 20:24:00,073 - src.google_trends_client - ERROR - Trends API error for Jujutsu Kaisen Modulo: Retry.__init__() got an unexpected keyword argument 'method_whitelist'
2025-12-16 20:24:00,073 - src.google_trends_client - INFO - Sleeping 4.69s before Trends request for 'Ichi the Witch'...
2025-12-16 20:24:04,760 - src.google_trends_client - ERROR - Trends API error for Ichi the Witch: Retry.__init__() got an unexpected keyword argument 'method_whitelist'
2025-12-16 20:24:04,761 - src.google_trends_client - INFO - Sleeping 3.05s before Trends request for 'Gachiakuta'...
2025-12-16 20:24:07,808 - src.google_trends_client - ERROR - Trends API error for Gachiakuta: Retry.__init__() got an unexpected keyword argument 'method_whitelist'
2025-12-16 20:24:07,808 - src.google_trends_client - INFO - Sleeping 3.89s before Trends request for 'The Executed Sage Who Was Reincarnated as a Lich and Started an All-Out War'...
2025-12-16 20:24:11,698 - src.google_trends_client - ERROR - Trends API error for The Executed Sage Who Was Reincarnated as a Lich and Started an All-Out War: Retry.__init__() got an unexpected keyword argument 'method_whitelist'
2025-12-16 20:24:11,699 - src.google_trends_client - INFO - Sleeping 2.26s before Trends request for 'The Ice Guy and the Cool Girl'...
2025-12-16 20:24:13,961 - src.google_trends_client - ERROR - Trends API error for The Ice Guy and the Cool Girl: Retry.__init__() got an unexpected keyword argument 'method_whitelist'
2025-12-16 20:24:13,962 - src.google_trends_client - INFO - Sleeping 4.46s before Trends request for 'Tensei Streamer'...
2025-12-16 20:24:18,425 - src.google_trends_client - ERROR - Trends API error for Tensei Streamer: Retry.__init__() got an unexpected keyword argument 'method_whitelist'
2025-12-16 20:24:18,425 - src.google_trends_client - INFO - Sleeping 4.49s before Trends request for 'Ookami wa Tsuki ni Koi wo Suru'...
2025-12-16 20:24:20,211 - __main__ - INFO - Starting IP Research Tool Weekly Batch...
2025-12-16 20:24:20,211 - __main__ - INFO - Step 1: Fetching candidates from AniList...
2025-12-16 20:24:20,211 - src.anilist_client - INFO - Fetching top 20 trending manga from AniList...
2025-12-16 20:24:21,210 - src.anilist_client - INFO - Successfully fetched 20 manga.
2025-12-16 20:24:21,210 - __main__ - INFO - Step 2: Enriching data with Google Trends signals...
2025-12-16 20:24:22,097 - src.google_trends_client - INFO - Sleeping 3.23s before Trends request for 'Dandadan'...
2025-12-16 20:24:22,917 - src.google_trends_client - ERROR - Trends API error for Ookami wa Tsuki ni Koi wo Suru: Retry.__init__() got an unexpected keyword argument 'method_whitelist'
2025-12-16 20:24:22,917 - src.google_trends_client - INFO - Sleeping 3.16s before Trends request for 'Boyish Girlfriend'...
2025-12-16 20:24:26,082 - src.google_trends_client - ERROR - Trends API error for Boyish Girlfriend: Retry.__init__() got an unexpected keyword argument 'method_whitelist'
2025-12-16 20:24:26,082 - src.google_trends_client - INFO - Sleeping 4.21s before Trends request for 'MAD'...
2025-12-16 20:24:27,202 - src.google_trends_client - ERROR - Trends API error for Dandadan: The request failed: Google returned a response with code 429
2025-12-16 20:24:27,204 - src.google_trends_client - INFO - Sleeping 4.84s before Trends request for 'One Piece'...
2025-12-16 20:24:30,293 - src.google_trends_client - ERROR - Trends API error for MAD: Retry.__init__() got an unexpected keyword argument 'method_whitelist'
2025-12-16 20:24:30,293 - src.google_trends_client - INFO - Sleeping 4.18s before Trends request for 'Blue Box'...
2025-12-16 20:24:33,927 - src.google_trends_client - INFO - Trends for 'One Piece': {'intent_manga': 1.625, 'intent_merch': 0.0, 'velocity': -0.045454545454545456}
2025-12-16 20:24:33,927 - src.google_trends_client - INFO - Sleeping 2.86s before Trends request for 'Chainsaw Man'...
2025-12-16 20:24:34,469 - src.google_trends_client - ERROR - Trends API error for Blue Box: Retry.__init__() got an unexpected keyword argument 'method_whitelist'
2025-12-16 20:24:34,469 - src.google_trends_client - INFO - Sleeping 2.18s before Trends request for 'Uma Musume: Cinderella Gray'...
2025-12-16 20:24:36,655 - src.google_trends_client - ERROR - Trends API error for Uma Musume: Cinderella Gray: Retry.__init__() got an unexpected keyword argument 'method_whitelist'
2025-12-16 20:24:36,655 - __main__ - INFO - Step 3: Generating report.csv...
2025-12-16 20:24:36,672 - src.reporter - INFO - Report generated successfully: report.csv
2025-12-16 20:24:36,672 - __main__ - INFO - Batch completed successfully.
2025-12-16 20:24:38,530 - src.google_trends_client - INFO - Trends for 'Chainsaw Man': {'intent_manga': 1.125, 'intent_merch': 0.0, 'velocity': 0.5555555555555556}
2025-12-16 20:24:38,531 - src.google_trends_client - INFO - Sleeping 3.85s before Trends request for 'One-Punch Man'...
2025-12-16 20:24:44,471 - src.google_trends_client - INFO - Trends for 'One-Punch Man': {'intent_manga': 2.25, 'intent_merch': 0.0, 'velocity': -0.1702127659574468}
2025-12-16 20:24:44,471 - src.google_trends_client - INFO - Sleeping 2.76s before Trends request for 'The Magical Revolution of the Reincarnated Princess and the Genius Young Lady'...
2025-12-16 20:24:49,379 - src.google_trends_client - INFO - Trends for 'The Magical Revolution of the Reincarnated Princess and the Genius Young Lady': {'intent_manga': 1.5, 'intent_merch': 0.0, 'velocity': -0.03333333333333333}
2025-12-16 20:24:49,379 - src.google_trends_client - INFO - Sleeping 4.47s before Trends request for 'Kagurabachi'...
2025-12-16 20:24:55,873 - src.google_trends_client - INFO - Trends for 'Kagurabachi': {'intent_manga': 5.0, 'intent_merch': 0.0, 'velocity': 0.08064516129032258}
2025-12-16 20:24:55,873 - src.google_trends_client - INFO - Sleeping 3.43s before Trends request for 'Noa-senpai wa Tomodachi.'...
2025-12-16 20:25:01,404 - src.google_trends_client - INFO - Trends for 'Noa-senpai wa Tomodachi.': {'intent_manga': 0.0, 'intent_merch': 0.0, 'velocity': 1.0}
2025-12-16 20:25:01,404 - src.google_trends_client - INFO - Sleeping 4.08s before Trends request for 'Damedol and the Only Fan in the World'...
2025-12-16 20:25:07,174 - src.google_trends_client - INFO - Trends for 'Damedol and the Only Fan in the World': {'intent_manga': 0.0, 'intent_merch': 0.0, 'velocity': 0.0}
2025-12-16 20:25:07,175 - src.google_trends_client - INFO - Sleeping 4.26s before Trends request for 'Sakamoto Days'...
2025-12-16 20:25:13,279 - src.google_trends_client - ERROR - Trends API error for Sakamoto Days: The request failed: Google returned a response with code 429
2025-12-16 20:25:13,280 - src.google_trends_client - INFO - Sleeping 3.19s before Trends request for 'Jujutsu Kaisen Modulo'...
2025-12-16 20:25:17,874 - src.google_trends_client - ERROR - Trends API error for Jujutsu Kaisen Modulo: The request failed: Google returned a response with code 429
2025-12-16 20:25:17,874 - src.google_trends_client - INFO - Sleeping 2.40s before Trends request for 'Ichi the Witch'...
2025-12-16 20:25:22,095 - src.google_trends_client - ERROR - Trends API error for Ichi the Witch: The request failed: Google returned a response with code 429
2025-12-16 20:25:22,097 - src.google_trends_client - INFO - Sleeping 3.64s before Trends request for 'Gachiakuta'...
2025-12-16 20:25:27,600 - src.google_trends_client - ERROR - Trends API error for Gachiakuta: The request failed: Google returned a response with code 429
2025-12-16 20:25:27,602 - src.google_trends_client - INFO - Sleeping 2.36s before Trends request for 'The Executed Sage Who Was Reincarnated as a Lich and Started an All-Out War'...
2025-12-16 20:25:31,531 - src.google_trends_client - ERROR - Trends API error for The Executed Sage Who Was Reincarnated as a Lich and Started an All-Out War: The request failed: Google returned a response with code 429
2025-12-16 20:25:31,532 - src.google_trends_client - INFO - Sleeping 3.01s before Trends request for 'The Ice Guy and the Cool Girl'...
2025-12-16 20:25:36,547 - src.google_trends_client - ERROR - Trends API error for The Ice Guy and the Cool Girl: The request failed: Google returned a response with code 429
2025-12-16 20:25:36,549 - src.google_trends_client - INFO - Sleeping 4.70s before Trends request for 'Tensei Streamer'...
2025-12-16 20:25:43,101 - src.google_trends_client - ERROR - Trends API error for Tensei Streamer: The request failed: Google returned a response with code 429
2025-12-16 20:25:43,103 - src.google_trends_client - INFO - Sleeping 3.92s before Trends request for 'Ookami wa Tsuki ni Koi wo Suru'...
2025-12-16 20:25:49,054 - src.google_trends_client - ERROR - Trends API error for Ookami wa Tsuki ni Koi wo Suru: The request failed: Google returned a response with code 429
2025-12-16 20:25:49,057 - src.google_trends_client - INFO - Sleeping 2.50s before Trends request for 'Boyish Girlfriend'...
2025-12-16 20:25:53,382 - src.google_trends_client - ERROR - Trends API error for Boyish Girlfriend: The request failed: Google returned a response with code 429
2025-12-16 20:25:53,383 - src.google_trends_client - INFO - Sleeping 2.45s before Trends request for 'MAD'...
2025-12-16 20:25:57,173 - src.google_trends_client - ERROR - Trends API error for MAD: The request failed: Google returned a response with code 429
2025-12-16 20:25:57,176 - src.google_trends_client - INFO - Sleeping 3.67s before Trends request for 'Blue Box'...
2025-12-16 20:26:02,417 - src.google_trends_client - ERROR - Trends API error for Blue Box: The request failed: Google returned a response with code 429
2025-12-16 20:26:02,420 - src.google_trends_client - INFO - Sleeping 2.77s before Trends request for 'Uma Musume: Cinderella Gray'...
2025-12-16 20:26:06,573 - src.google_trends_client - ERROR - Trends API error for Uma Musume: Cinderella Gray: The request failed: Google returned a response with code 429
2025-12-16 20:26:06,576 - __main__ - INFO - Step 3: Generating report.csv...
2025-12-16 20:26:06,586 - src.reporter - INFO - Report generated successfully: report.csv
2025-12-16 20:26:06,586 - __main__ - INFO - Batch completed successfully.
2025-12-17 07:54:41,518 - __main__ - INFO - Starting IP Research Tool Weekly Batch...
2025-12-17 07:54:41,518 - __main__ - INFO - Step 1: Fetching candidates from AniList...
2025-12-17 07:54:41,518 - src.anilist_client - INFO - Fetching top 20 trending manga from AniList...
2025-12-17 07:54:42,755 - src.anilist_client - INFO - Successfully fetched 20 manga.
2025-12-17 07:54:42,755 - __main__ - INFO - Step 2: Enriching data with Google Trends signals...
2025-12-17 07:54:43,626 - src.google_trends_client - INFO - Sleeping 4.19s before Trends request for 'Chainsaw Man'...
2025-12-17 07:54:49,864 - src.google_trends_client - INFO - Trends success for 'Chainsaw Man': Score 24.7
2025-12-17 07:54:49,864 - src.google_trends_client - INFO - Sleeping 3.75s before Trends request for 'Dandadan'...
2025-12-17 07:54:55,583 - src.google_trends_client - INFO - Trends success for 'Dandadan': Score 4.2
2025-12-17 07:54:55,583 - src.google_trends_client - INFO - Sleeping 5.97s before Trends request for 'One Piece'...
2025-12-17 07:55:03,072 - src.google_trends_client - ERROR - Trends API error for One Piece: cannot insert One Piece, already exists
2025-12-17 07:55:03,072 - src.google_trends_client - INFO - Sleeping 5.55s before Trends request for 'Damedol and the Only Fan in the World'...
2025-12-17 07:55:10,778 - src.google_trends_client - INFO - Trends success for 'Damedol and the Only Fan in the World': Score 0.0
2025-12-17 07:55:10,778 - src.google_trends_client - INFO - Sleeping 3.88s before Trends request for 'Jujutsu Kaisen Modulo'...
2025-12-17 07:55:16,609 - src.google_trends_client - INFO - Trends success for 'Jujutsu Kaisen Modulo': Score 1.4
2025-12-17 07:55:16,610 - src.google_trends_client - INFO - Sleeping 3.11s before Trends request for 'Kagurabachi'...
2025-12-17 07:55:21,688 - src.google_trends_client - INFO - Trends success for 'Kagurabachi': Score 1.4
2025-12-17 07:55:21,689 - src.google_trends_client - INFO - Sleeping 4.16s before Trends request for 'Marriage Toxin'...
2025-12-17 07:55:27,885 - src.google_trends_client - INFO - Trends success for 'Marriage Toxin': Score 0.0
2025-12-17 07:55:27,885 - src.google_trends_client - INFO - Sleeping 3.88s before Trends request for 'The Fragrant Flower Blooms With Dignity'...
2025-12-17 07:55:33,961 - src.google_trends_client - INFO - Trends success for 'The Fragrant Flower Blooms With Dignity': Score 1.8
2025-12-17 07:55:33,961 - src.google_trends_client - INFO - Sleeping 3.59s before Trends request for 'Blue Box'...
2025-12-17 07:55:39,586 - src.google_trends_client - INFO - Trends success for 'Blue Box': Score 5.3
2025-12-17 07:55:39,586 - src.google_trends_client - INFO - Sleeping 5.17s before Trends request for 'Blue Lock'...
2025-12-17 07:55:47,122 - src.google_trends_client - INFO - Trends success for 'Blue Lock': Score 19.0
2025-12-17 07:55:47,122 - src.google_trends_client - INFO - Sleeping 5.12s before Trends request for 'Tonari no Kurokawa-san'...
2025-12-17 07:55:54,019 - src.google_trends_client - INFO - Trends success for 'Tonari no Kurokawa-san': Score 0.0
2025-12-17 07:55:54,019 - src.google_trends_client - INFO - Sleeping 3.28s before Trends request for 'Ichi the Witch'...
2025-12-17 07:55:59,306 - src.google_trends_client - INFO - Trends success for 'Ichi the Witch': Score 0.0
2025-12-17 07:55:59,306 - src.google_trends_client - INFO - Sleeping 5.44s before Trends request for 'Make Heroine wo Katasetai!!'...
2025-12-17 07:56:06,655 - src.google_trends_client - INFO - Trends success for 'Make Heroine wo Katasetai!!': Score 0.0
2025-12-17 07:56:06,655 - src.google_trends_client - INFO - Sleeping 5.89s before Trends request for 'Sakamoto Days'...
2025-12-17 07:56:14,600 - src.google_trends_client - INFO - Trends success for 'Sakamoto Days': Score 2.8
2025-12-17 07:56:14,600 - src.google_trends_client - INFO - Sleeping 4.29s before Trends request for 'One-Punch Man'...
2025-12-17 07:56:20,842 - src.google_trends_client - INFO - Trends success for 'One-Punch Man': Score 0.0
2025-12-17 07:56:20,843 - src.google_trends_client - INFO - Sleeping 5.74s before Trends request for 'Berserk'...
2025-12-17 07:56:28,148 - src.google_trends_client - INFO - Trends success for 'Berserk': Score 9.6
2025-12-17 07:56:28,148 - src.google_trends_client - INFO - Sleeping 4.74s before Trends request for 'Gachiakuta'...
2025-12-17 07:56:34,833 - src.google_trends_client - INFO - Trends success for 'Gachiakuta': Score 13.1
2025-12-17 07:56:34,833 - src.google_trends_client - INFO - Sleeping 4.25s before Trends request for 'Jirai Nan Desu ka? Chihara-san'...
2025-12-17 07:56:41,059 - src.google_trends_client - INFO - Trends success for 'Jirai Nan Desu ka? Chihara-san': Score 0.0
2025-12-17 07:56:41,059 - src.google_trends_client - INFO - Sleeping 5.91s before Trends request for 'Witch Hat Atelier'...
2025-12-17 07:56:48,898 - src.google_trends_client - INFO - Trends success for 'Witch Hat Atelier': Score 0.4
2025-12-17 07:56:48,898 - src.google_trends_client - INFO - Sleeping 5.81s before Trends request for 'Goodnight Punpun'...
2025-12-17 07:56:56,752 - src.google_trends_client - INFO - Trends success for 'Goodnight Punpun': Score 0.0
2025-12-17 07:56:56,752 - __main__ - INFO - Step 3: Generating report.csv...
2025-12-17 07:56:56,820 - src.reporter - INFO - Report generated successfully: report.csv
2025-12-17 07:56:56,820 - __main__ - INFO - Batch completed successfully.
2025-12-17 07:57:06,289 - __main__ - INFO - Starting IP Research Tool Weekly Batch...
2025-12-17 07:57:06,290 - __main__ - INFO - Step 1: Fetching candidates from AniList...
2025-12-17 07:57:06,290 - src.anilist_client - INFO - Fetching top 20 trending manga from AniList...
2025-12-17 07:57:07,929 - src.anilist_client - INFO - Successfully fetched 20 manga.
2025-12-17 07:57:07,930 - __main__ - INFO - Step 2: Enriching data with Google Trends signals...
2025-12-17 07:57:08,803 - src.google_trends_client - INFO - Using cached Trends data for 'Chainsaw Man'
2025-12-17 07:57:08,804 - src.google_trends_client - INFO - Using cached Trends data for 'Dandadan'
2025-12-17 07:57:08,804 - src.google_trends_client - INFO - Sleeping 4.33s before Trends request for 'One Piece'...
2025-12-17 07:57:14,662 - src.google_trends_client - ERROR - Trends API error for One Piece: cannot insert One Piece, already exists
2025-12-17 07:57:14,663 - src.google_trends_client - INFO - Using cached Trends data for 'Damedol and the Only Fan in the World'
2025-12-17 07:57:14,663 - src.google_trends_client - INFO - Using cached Trends data for 'Jujutsu Kaisen Modulo'
2025-12-17 07:57:14,663 - src.google_trends_client - INFO - Using cached Trends data for 'Kagurabachi'
2025-12-17 07:57:14,663 - src.google_trends_client - INFO - Using cached Trends data for 'Marriage Toxin'
2025-12-17 07:57:14,663 - src.google_trends_client - INFO - Using cached Trends data for 'The Fragrant Flower Blooms With Dignity'
2025-12-17 07:57:14,663 - src.google_trends_client - INFO - Using cached Trends data for 'Blue Box'
2025-12-17 07:57:14,663 - src.google_trends_client - INFO - Using cached Trends data for 'Blue Lock'
2025-12-17 07:57:14,663 - src.google_trends_client - INFO - Using cached Trends data for 'Tonari no Kurokawa-san'
2025-12-17 07:57:14,663 - src.google_trends_client - INFO - Using cached Trends data for 'Ichi the Witch'
2025-12-17 07:57:14,664 - src.google_trends_client - INFO - Using cached Trends data for 'Make Heroine wo Katasetai!!'
2025-12-17 07:57:14,664 - src.google_trends_client - INFO - Using cached Trends data for 'Sakamoto Days'
2025-12-17 07:57:14,664 - src.google_trends_client - INFO - Using cached Trends data for 'One-Punch Man'
2025-12-17 07:57:14,664 - src.google_trends_client - INFO - Using cached Trends data for 'Berserk'
2025-12-17 07:57:14,664 - src.google_trends_client - INFO - Using cached Trends data for 'Gachiakuta'
2025-12-17 07:57:14,664 - src.google_trends_client - INFO - Using cached Trends data for 'Jirai Nan Desu ka? Chihara-san'
2025-12-17 07:57:14,664 - src.google_trends_client - INFO - Using cached Trends data for 'Witch Hat Atelier'
2025-12-17 07:57:14,664 - src.google_trends_client - INFO - Using cached Trends data for 'Goodnight Punpun'
2025-12-17 07:57:14,664 - __main__ - INFO - Step 3: Generating report.csv...
2025-12-17 07:57:14,668 - src.reporter - INFO - Report generated successfully: report.csv
2025-12-17 07:57:14,668 - __main__ - INFO - Batch completed successfully.
2025-12-17 17:23:13,508 - __main__ - INFO - Starting IP Research Tool Weekly Batch...
2025-12-17 17:23:13,508 - __main__ - INFO - Step 1: Fetching candidates from AniList...
2025-12-17 17:23:13,508 - src.anilist_client - INFO - Fetching top 20 trending manga from AniList...
2025-12-17 17:23:14,610 - src.anilist_client - INFO - Successfully fetched 20 manga.
2025-12-17 17:23:14,611 - __main__ - INFO - Step 2: Enriching data with Google Trends signals...
2025-12-17 17:23:15,422 - src.google_trends_client - INFO - Sleeping 5.57s before Trends request for 'Chainsaw Man'...
2025-12-17 17:23:21,889 - src.google_trends_client - ERROR - Trends API error for [Chainsaw Man, One Piece]: The request failed: Google returned a response with code 429
2025-12-17 17:23:21,892 - src.google_trends_client - INFO - Sleeping 3.61s before Trends request for 'One Piece'...
2025-12-17 17:23:26,948 - src.google_trends_client - ERROR - Trends API error for [One Piece, One Piece]: The request failed: Google returned a response with code 429
2025-12-17 17:23:26,951 - src.google_trends_client - INFO - Sleeping 5.31s before Trends request for 'Dandadan'...
2025-12-17 17:23:34,085 - src.google_trends_client - INFO - Trends success for 'Dandadan' via 'One Piece': Score 4.2
2025-12-17 17:23:34,085 - src.google_trends_client - INFO - Sleeping 3.57s before Trends request for 'Damedol and the Only Fan in the World'...
2025-12-17 17:23:39,444 - src.google_trends_client - INFO - Trends success for 'Damedol and the Only Fan in the World' via 'One Piece': Score 0.0
2025-12-17 17:23:39,444 - src.google_trends_client - INFO - Sleeping 3.31s before Trends request for 'Uncle from Another World'...
2025-12-17 17:23:44,626 - src.google_trends_client - INFO - Trends success for 'Uncle from Another World' via 'One Piece': Score 0.0
2025-12-17 17:23:44,626 - src.google_trends_client - INFO - Sleeping 4.42s before Trends request for 'Marriage Toxin'...
2025-12-17 17:23:50,746 - src.google_trends_client - INFO - Trends success for 'Marriage Toxin' via 'One Piece': Score 0.0
2025-12-17 17:23:50,746 - src.google_trends_client - INFO - Sleeping 5.88s before Trends request for 'The Fragrant Flower Blooms With Dignity'...
2025-12-17 17:23:58,472 - src.google_trends_client - INFO - Trends success for 'The Fragrant Flower Blooms With Dignity' via 'One Piece': Score 1.8
2025-12-17 17:23:58,472 - src.google_trends_client - INFO - Sleeping 5.36s before Trends request for 'The Otome Heroine's Fight for Survival (Manga)'...
2025-12-17 17:24:05,589 - src.google_trends_client - INFO - Trends success for 'The Otome Heroine's Fight for Survival (Manga)' via 'One Piece': Score 0.0
2025-12-17 17:24:05,590 - src.google_trends_client - INFO - Sleeping 3.61s before Trends request for 'Sakamoto Days'...
2025-12-17 17:24:11,097 - src.google_trends_client - INFO - Trends success for 'Sakamoto Days' via 'One Piece': Score 2.8
2025-12-17 17:24:11,097 - src.google_trends_client - INFO - Sleeping 4.14s before Trends request for 'Kagurabachi'...
2025-12-17 17:24:16,206 - src.google_trends_client - INFO - Trends success for 'Kagurabachi' via 'One Piece': Score 1.4
2025-12-17 17:24:16,206 - src.google_trends_client - INFO - Sleeping 4.63s before Trends request for 'Blue Box'...
2025-12-17 17:24:22,648 - src.google_trends_client - INFO - Trends success for 'Blue Box' via 'One Piece': Score 5.6
2025-12-17 17:24:22,648 - src.google_trends_client - INFO - Sleeping 5.70s before Trends request for 'Tokyo Ghoul'...
2025-12-17 17:24:29,613 - src.google_trends_client - INFO - Trends success for 'Tokyo Ghoul' via 'One Piece': Score 4.2
2025-12-17 17:24:29,613 - src.google_trends_client - INFO - Sleeping 3.42s before Trends request for 'Berserk'...
2025-12-17 17:24:34,969 - src.google_trends_client - INFO - Trends success for 'Berserk' via 'One Piece': Score 10.2
2025-12-17 17:24:34,969 - src.google_trends_client - INFO - Sleeping 3.28s before Trends request for 'Jujutsu Kaisen Modulo'...
2025-12-17 17:24:39,923 - src.google_trends_client - INFO - Trends success for 'Jujutsu Kaisen Modulo' via 'One Piece': Score 1.4
2025-12-17 17:24:39,923 - src.google_trends_client - INFO - Sleeping 5.87s before Trends request for 'Tonari no Kurokawa-san'...
2025-12-17 17:24:47,718 - src.google_trends_client - INFO - Trends success for 'Tonari no Kurokawa-san' via 'One Piece': Score 0.0
2025-12-17 17:24:47,718 - src.google_trends_client - INFO - Sleeping 5.58s before Trends request for 'Starting Today, WeÅfre Childhood Friends'...
2025-12-17 17:24:55,239 - src.google_trends_client - INFO - Trends success for 'Starting Today, WeÅfre Childhood Friends' via 'One Piece': Score 0.0
2025-12-17 17:24:55,239 - src.google_trends_client - INFO - Sleeping 4.67s before Trends request for 'Blue Lock'...
2025-12-17 17:25:01,715 - src.google_trends_client - INFO - Trends success for 'Blue Lock' via 'One Piece': Score 19.7
2025-12-17 17:25:01,715 - src.google_trends_client - INFO - Sleeping 3.37s before Trends request for 'Gachiakuta'...
2025-12-17 17:25:06,824 - src.google_trends_client - INFO - Trends success for 'Gachiakuta' via 'One Piece': Score 13.4
2025-12-17 17:25:06,824 - src.google_trends_client - INFO - Sleeping 4.29s before Trends request for 'Jujutsu Kaisen'...
2025-12-17 17:25:12,980 - src.google_trends_client - INFO - Trends success for 'Jujutsu Kaisen' via 'One Piece': Score 28.5
2025-12-17 17:25:12,980 - src.google_trends_client - INFO - Sleeping 3.78s before Trends request for 'Goodnight Punpun'...
2025-12-17 17:25:18,548 - src.google_trends_client - INFO - Trends success for 'Goodnight Punpun' via 'One Piece': Score 0.0
2025-12-17 17:25:18,549 - __main__ - INFO - Step 3: Generating report.csv...
2025-12-17 17:25:18,560 - src.reporter - INFO - Report generated successfully: report.csv
2025-12-17 17:25:18,560 - __main__ - INFO - Batch completed successfully.
2025-12-18 01:13:12,732 - __main__ - INFO - Starting IP Research Tool Weekly Batch...
2025-12-18 01:13:12,732 - __main__ - INFO - Step 1: Fetching candidates from AniList...
2025-12-18 01:13:12,733 - src.anilist_client - INFO - Fetching top 20 trending manga from AniList...
2025-12-18 01:13:13,797 - src.anilist_client - INFO - Successfully fetched 20 manga.
2025-12-18 01:13:13,797 - __main__ - INFO - Step 2: Enriching data with Google Trends signals...
2025-12-18 01:13:14,597 - src.google_trends_client - INFO - Sleeping 3.37s before Trends request for 'Chainsaw Man'...
2025-12-18 01:13:19,626 - src.google_trends_client - ERROR - Trends API error for [Chainsaw Man, One Piece]: The request failed: Google returned a response with code 429
2025-12-18 01:13:19,628 - src.google_trends_client - INFO - Using cached Trends data for 'Dandadan'
2025-12-18 01:13:19,628 - src.google_trends_client - INFO - Sleeping 3.79s before Trends request for 'One Piece'...
2025-12-18 01:13:25,090 - src.google_trends_client - ERROR - Trends API error for [One Piece, One Piece]: The request failed: Google returned a response with code 429
2025-12-18 01:13:25,092 - src.google_trends_client - INFO - Using cached Trends data for 'Kagurabachi'
2025-12-18 01:13:25,093 - src.google_trends_client - INFO - Using cached Trends data for 'The Otome Heroine's Fight for Survival (Manga)'
2025-12-18 01:13:25,093 - src.google_trends_client - INFO - Sleeping 5.29s before Trends request for 'One-Punch Man'...
2025-12-18 01:13:31,655 - src.google_trends_client - ERROR - Trends API error for [One-Punch Man, One Piece]: The request failed: Google returned a response with code 429
2025-12-18 01:13:31,657 - src.google_trends_client - INFO - Using cached Trends data for 'The Fragrant Flower Blooms With Dignity'
2025-12-18 01:13:31,657 - src.google_trends_client - INFO - Sleeping 4.31s before Trends request for 'Chained Soldier'...
2025-12-18 01:13:37,582 - src.google_trends_client - ERROR - Trends API error for [Chained Soldier, One Piece]: The request failed: Google returned a response with code 429
2025-12-18 01:13:37,583 - src.google_trends_client - INFO - Using cached Trends data for 'Sakamoto Days'
2025-12-18 01:13:37,583 - src.google_trends_client - INFO - Using cached Trends data for 'Damedol and the Only Fan in the World'
2025-12-18 01:13:37,583 - src.google_trends_client - INFO - Sleeping 3.97s before Trends request for 'Mousou Sensei'...
2025-12-18 01:13:43,201 - src.google_trends_client - ERROR - Trends API error for [Mousou Sensei, One Piece]: The request failed: Google returned a response with code 429
2025-12-18 01:13:43,203 - src.google_trends_client - INFO - Using cached Trends data for 'Gachiakuta'
2025-12-18 01:13:43,204 - src.google_trends_client - INFO - Sleeping 3.48s before Trends request for 'Ochame na Okusan to no Nichijou Chabangoto'...
2025-12-18 01:13:48,409 - src.google_trends_client - ERROR - Trends API error for [Ochame na Okusan to no Nichijou Chabangoto, One Piece]: The request failed: Google returned a response with code 429
2025-12-18 01:13:48,411 - src.google_trends_client - INFO - Using cached Trends data for 'Marriage Toxin'
2025-12-18 01:13:48,412 - src.google_trends_client - INFO - Sleeping 3.86s before Trends request for 'Game Akuyaku Kizoku ni Tensei Shita Ore wa, Cheat Kinniku de Musou Suru'...
2025-12-18 01:13:54,058 - src.google_trends_client - ERROR - Trends API error for [Game Akuyaku Kizoku ni Tensei Shita Ore wa, Cheat Kinniku de Musou Suru, One Piece]: The request failed: Google returned a response with code 429
2025-12-18 01:13:54,060 - src.google_trends_client - INFO - Using cached Trends data for 'Blue Box'
2025-12-18 01:13:54,060 - src.google_trends_client - INFO - Sleeping 3.11s before Trends request for 'Gokufuri Kyohi shite Tesaguri Start!: Tokka shinai Healer, Nakama to Wakarete Tabi ni Deru'...
2025-12-18 01:13:58,523 - src.google_trends_client - ERROR - Trends API error for [Gokufuri Kyohi shite Tesaguri Start!: Tokka shinai Healer, Nakama to Wakarete Tabi ni Deru, One Piece]: The request failed: Google returned a response with code 429
2025-12-18 01:13:58,525 - src.google_trends_client - INFO - Sleeping 3.66s before Trends request for 'Tensei Streamer'...
2025-12-18 01:14:03,837 - src.google_trends_client - ERROR - Trends API error for [Tensei Streamer, One Piece]: The request failed: Google returned a response with code 429
2025-12-18 01:14:03,838 - src.google_trends_client - INFO - Using cached Trends data for 'Jujutsu Kaisen Modulo'
2025-12-18 01:14:03,838 - src.google_trends_client - INFO - Sleeping 4.15s before Trends request for 'Record of Ragnarok'...
2025-12-18 01:14:09,632 - src.google_trends_client - ERROR - Trends API error for [Record of Ragnarok, One Piece]: The request failed: Google returned a response with code 429
2025-12-18 01:14:09,633 - __main__ - INFO - Step 3: Generating report.csv...
2025-12-18 01:14:09,642 - src.reporter - INFO - Report generated successfully: report.csv
2025-12-18 01:14:09,642 - __main__ - INFO - Step 4: Running Market Gate (buy_list.csv)...
2025-12-18 01:14:09,660 - src.market_gate - INFO - Market Gate processed 20 items. Saved to buy_list.csv
2025-12-18 01:14:09,661 - __main__ - INFO - Batch completed successfully.
2025-12-18 01:43:08,408 - __main__ - INFO - Starting IP Research Tool Weekly Batch...
2025-12-18 01:43:08,408 - __main__ - INFO - Step 1: Fetching candidates from AniList...
2025-12-18 01:43:08,408 - src.anilist_client - INFO - Fetching 100 items sorted by TRENDING_DESC...
2025-12-18 01:43:09,589 - src.anilist_client - INFO - Fetching 100 items sorted by POPULARITY_DESC...
2025-12-18 01:43:10,688 - src.anilist_client - INFO - Merged candidates: 85 unique items (from 50 trending, 50 popular)
2025-12-18 01:43:10,688 - __main__ - INFO - Step 2: Enriching data with Google Trends signals...
2025-12-18 01:43:11,550 - src.google_trends_client - INFO - Sleeping 5.28s before Trends request for 'Chainsaw Man'...
2025-12-18 01:43:18,602 - src.google_trends_client - INFO - Trends success for 'Chainsaw Man' via 'One Piece': Score 24.7
2025-12-18 01:43:18,602 - src.google_trends_client - INFO - Using cached Trends data for 'Jujutsu Kaisen'
2025-12-18 01:43:18,602 - src.google_trends_client - INFO - Using cached Trends data for 'Berserk'
2025-12-18 01:43:18,602 - src.google_trends_client - INFO - Sleeping 5.99s before Trends request for 'Attack on Titan'...
2025-12-18 01:43:26,516 - src.google_trends_client - INFO - Trends success for 'Attack on Titan' via 'One Piece': Score 12.9
2025-12-18 01:43:26,516 - src.google_trends_client - INFO - Sleeping 5.45s before Trends request for 'One Piece'...
2025-12-18 01:43:33,776 - src.google_trends_client - ERROR - Trends API error for [One Piece, One Piece]: cannot insert One Piece, already exists
2025-12-18 01:43:35,439 - src.google_trends_client - INFO - Trends success for 'One Piece' via 'Jujutsu Kaisen': Score 360.0
2025-12-18 01:43:35,439 - src.google_trends_client - INFO - Sleeping 3.06s before Trends request for 'Demon Slayer: Kimetsu no Yaiba'...
2025-12-18 01:43:40,253 - src.google_trends_client - INFO - Trends success for 'Demon Slayer: Kimetsu no Yaiba' via 'One Piece': Score 1.4
2025-12-18 01:43:40,254 - src.google_trends_client - INFO - Using cached Trends data for 'Tokyo Ghoul'
2025-12-18 01:43:40,254 - src.google_trends_client - INFO - Sleeping 4.10s before Trends request for 'My Hero Academia'...
2025-12-18 01:43:46,258 - src.google_trends_client - INFO - Trends success for 'My Hero Academia' via 'One Piece': Score 18.8
2025-12-18 01:43:46,258 - src.google_trends_client - INFO - Using cached Trends data for 'Goodnight Punpun'
2025-12-18 01:43:46,258 - src.google_trends_client - INFO - Sleeping 5.95s before Trends request for 'One-Punch Man'...
2025-12-18 01:43:53,946 - src.google_trends_client - INFO - Trends success for 'One-Punch Man' via 'One Piece': Score 0.0
2025-12-18 01:43:53,946 - src.google_trends_client - INFO - Sleeping 5.51s before Trends request for 'SPY x FAMILY'...
2025-12-18 01:44:01,319 - src.google_trends_client - INFO - Trends success for 'SPY x FAMILY' via 'One Piece': Score 7.7
2025-12-18 01:44:01,319 - src.google_trends_client - INFO - Sleeping 4.30s before Trends request for 'Vagabond'...
2025-12-18 01:44:07,248 - src.google_trends_client - ERROR - Trends API error for [Vagabond, One Piece]: The request failed: Google returned a response with code 429
2025-12-18 01:44:07,251 - src.google_trends_client - INFO - Sleeping 3.11s before Trends request for 'Vinland Saga'...
2025-12-18 01:44:12,007 - src.google_trends_client - ERROR - Trends API error for [Vinland Saga, One Piece]: The request failed: Google returned a response with code 429
2025-12-18 01:44:12,008 - src.google_trends_client - INFO - Sleeping 3.89s before Trends request for 'The Promised Neverland'...
2025-12-18 01:44:17,340 - src.google_trends_client - ERROR - Trends API error for [The Promised Neverland, One Piece]: The request failed: Google returned a response with code 429
2025-12-18 01:44:17,342 - src.google_trends_client - INFO - Sleeping 3.94s before Trends request for 'Horimiya'...
2025-12-18 01:44:23,032 - src.google_trends_client - INFO - Trends success for 'Horimiya' via 'One Piece': Score 1.4
2025-12-18 01:44:23,033 - src.google_trends_client - INFO - Sleeping 4.87s before Trends request for 'Tokyo Revengers'...
2025-12-18 01:44:29,896 - src.google_trends_client - INFO - Trends success for 'Tokyo Revengers' via 'One Piece': Score 2.8
2025-12-18 01:44:29,896 - src.google_trends_client - INFO - Using cached Trends data for 'Blue Lock'
2025-12-18 01:44:29,896 - src.google_trends_client - INFO - Sleeping 3.69s before Trends request for 'Kaguya-sama: Love is War'...
2025-12-18 01:44:35,260 - src.google_trends_client - ERROR - Trends API error for [Kaguya-sama: Love is War, One Piece]: The request failed: Google returned a response with code 429
2025-12-18 01:44:35,263 - src.google_trends_client - INFO - Sleeping 5.24s before Trends request for 'Bleach'...
2025-12-18 01:44:42,303 - src.google_trends_client - INFO - Trends success for 'Bleach' via 'One Piece': Score 35.2
2025-12-18 01:44:42,303 - src.google_trends_client - INFO - Using cached Trends data for 'Dandadan'
2025-12-18 01:44:42,303 - src.google_trends_client - INFO - Sleeping 5.74s before Trends request for 'Komi Can't Communicate'...
2025-12-18 01:44:49,750 - src.google_trends_client - INFO - Trends success for 'Komi Can't Communicate' via 'One Piece': Score 0.0
2025-12-18 01:44:49,750 - src.google_trends_client - INFO - Sleeping 4.31s before Trends request for 'Black Clover'...
2025-12-18 01:44:55,930 - src.google_trends_client - INFO - Trends success for 'Black Clover' via 'One Piece': Score 8.4
2025-12-18 01:44:55,930 - src.google_trends_client - INFO - Sleeping 3.32s before Trends request for 'Hunter x Hunter'...
2025-12-18 01:45:01,200 - src.google_trends_client - INFO - Trends success for 'Hunter x Hunter' via 'One Piece': Score 6.6
2025-12-18 01:45:01,200 - src.google_trends_client - INFO - Sleeping 4.78s before Trends request for 'Kaiju No.8'...
2025-12-18 01:45:07,673 - src.google_trends_client - ERROR - Trends API error for [Kaiju No.8, One Piece]: The request failed: Google returned a response with code 429
2025-12-18 01:45:07,676 - src.google_trends_client - INFO - Sleeping 5.81s before Trends request for 'Monster'...
2025-12-18 01:45:15,114 - src.google_trends_client - ERROR - Trends API error for [Monster, One Piece]: The request failed: Google returned a response with code 429
2025-12-18 01:45:15,116 - src.google_trends_client - INFO - Sleeping 5.07s before Trends request for '[Oshi no Ko]'...
2025-12-18 01:45:21,849 - src.google_trends_client - ERROR - Trends API error for [[Oshi no Ko], One Piece]: The request failed: Google returned a response with code 429
2025-12-18 01:45:21,851 - src.google_trends_client - INFO - Sleeping 3.03s before Trends request for '20th Century Boys'...
2025-12-18 01:45:26,570 - src.google_trends_client - INFO - Trends success for '20th Century Boys' via 'One Piece': Score 0.0
2025-12-18 01:45:26,570 - src.google_trends_client - INFO - Sleeping 4.47s before Trends request for 'Haikyu!!'...
2025-12-18 01:45:32,833 - src.google_trends_client - INFO - Trends success for 'Haikyu!!' via 'One Piece': Score 1.4
2025-12-18 01:45:32,833 - src.google_trends_client - INFO - Sleeping 5.96s before Trends request for 'Tokyo Ghoul:re'...
2025-12-18 01:45:40,461 - src.google_trends_client - ERROR - Trends API error for [Tokyo Ghoul:re, One Piece]: The request failed: Google returned a response with code 429
2025-12-18 01:45:46,032 - src.google_trends_client - INFO - Sleeping 5.03s before Trends request for 'Fire Punch'...
2025-12-18 01:45:52,780 - src.google_trends_client - INFO - Trends success for 'Fire Punch' via 'One Piece': Score 0.0
2025-12-18 01:45:52,781 - src.google_trends_client - INFO - Sleeping 4.78s before Trends request for 'Naruto'...
2025-12-18 01:45:59,468 - src.google_trends_client - INFO - Trends success for 'Naruto' via 'One Piece': Score 64.8
2025-12-18 01:45:59,468 - src.google_trends_client - INFO - Sleeping 4.21s before Trends request for 'Death Note'...
2025-12-18 01:46:05,598 - src.google_trends_client - INFO - Trends success for 'Death Note' via 'One Piece': Score 10.1
2025-12-18 01:46:05,598 - src.google_trends_client - INFO - Sleeping 5.49s before Trends request for 'HellÅfs Paradise: Jigokuraku'...
2025-12-18 01:46:12,835 - src.google_trends_client - INFO - Trends success for 'HellÅfs Paradise: Jigokuraku' via 'One Piece': Score 0.0
2025-12-18 01:46:12,835 - src.google_trends_client - INFO - Sleeping 5.51s before Trends request for 'My Dress-Up Darling'...
2025-12-18 01:46:20,032 - src.google_trends_client - ERROR - Trends API error for [My Dress-Up Darling, One Piece]: The request failed: Google returned a response with code 429
2025-12-18 01:46:20,034 - src.google_trends_client - INFO - Sleeping 3.21s before Trends request for 'A Silent Voice'...
2025-12-18 01:46:25,195 - src.google_trends_client - INFO - Trends success for 'A Silent Voice' via 'One Piece': Score 1.4
2025-12-18 01:46:25,195 - src.google_trends_client - INFO - Sleeping 5.53s before Trends request for 'Dr. STONE'...
2025-12-18 01:46:32,510 - src.google_trends_client - INFO - Trends success for 'Dr. STONE' via 'One Piece': Score 0.0
2025-12-18 01:46:32,510 - src.google_trends_client - INFO - Sleeping 3.68s before Trends request for 'Uzumaki: Spiral into Horror'...
2025-12-18 01:46:37,947 - src.google_trends_client - INFO - Trends success for 'Uzumaki: Spiral into Horror' via 'One Piece': Score 0.0
2025-12-18 01:46:37,947 - src.google_trends_client - INFO - Using cached Trends data for 'Sakamoto Days'
2025-12-18 01:46:37,947 - src.google_trends_client - INFO - Sleeping 5.57s before Trends request for 'Dorohedoro'...
2025-12-18 01:46:45,231 - src.google_trends_client - INFO - Trends success for 'Dorohedoro' via 'One Piece': Score 0.0
2025-12-18 01:46:45,231 - src.google_trends_client - INFO - Sleeping 5.18s before Trends request for 'Jumyou wo Kaitotte Moratta. Ichinen ni Tsuki, Ichimanen de.'...
2025-12-18 01:46:52,158 - src.google_trends_client - INFO - Trends success for 'Jumyou wo Kaitotte Moratta. Ichinen ni Tsuki, Ichimanen de.' via 'One Piece': Score 0.0
2025-12-18 01:46:52,158 - src.google_trends_client - INFO - Sleeping 5.00s before Trends request for 'Frieren: Beyond JourneyÅfs End'...
2025-12-18 01:46:58,840 - src.google_trends_client - INFO - Trends success for 'Frieren: Beyond JourneyÅfs End' via 'One Piece': Score 0.0
2025-12-18 01:46:58,840 - src.google_trends_client - INFO - Using cached Trends data for 'The Fragrant Flower Blooms With Dignity'
2025-12-18 01:46:58,840 - src.google_trends_client - INFO - Sleeping 5.54s before Trends request for 'Land of the Lustrous'...
2025-12-18 01:47:06,138 - src.google_trends_client - INFO - Trends success for 'Land of the Lustrous' via 'One Piece': Score 0.0
2025-12-18 01:47:06,139 - src.google_trends_client - INFO - Sleeping 3.63s before Trends request for 'Fullmetal Alchemist'...
2025-12-18 01:47:11,635 - src.google_trends_client - INFO - Trends success for 'Fullmetal Alchemist' via 'One Piece': Score 1.4
2025-12-18 01:47:11,635 - src.google_trends_client - INFO - Sleeping 4.00s before Trends request for 'Goodbye, Eri'...
2025-12-18 01:47:17,368 - src.google_trends_client - INFO - Trends success for 'Goodbye, Eri' via 'One Piece': Score 0.0
2025-12-18 01:47:17,368 - src.google_trends_client - INFO - Sleeping 4.89s before Trends request for 'Blue Period'...
2025-12-18 01:47:23,984 - src.google_trends_client - INFO - Trends success for 'Blue Period' via 'One Piece': Score 1.4
2025-12-18 01:47:23,984 - src.google_trends_client - INFO - Sleeping 5.49s before Trends request for 'Don't Toy With Me, Miss Nagatoro'...
2025-12-18 01:47:31,215 - src.google_trends_client - INFO - Trends success for 'Don't Toy With Me, Miss Nagatoro' via 'One Piece': Score 0.0
2025-12-18 01:47:31,215 - src.google_trends_client - INFO - Sleeping 5.45s before Trends request for 'Kingdom'...
2025-12-18 01:47:38,374 - src.google_trends_client - INFO - Trends success for 'Kingdom' via 'One Piece': Score 91.0
2025-12-18 01:47:38,375 - src.google_trends_client - INFO - Sleeping 5.45s before Trends request for 'JoJo's Bizarre Adventure Part 6: Stone Ocean'...
2025-12-18 01:47:45,185 - src.google_trends_client - INFO - Trends success for 'JoJo's Bizarre Adventure Part 6: Stone Ocean' via 'One Piece': Score 0.0
2025-12-18 01:47:45,185 - __main__ - INFO - Step 3: Generating report.csv...
2025-12-18 01:47:45,189 - src.reporter - INFO - Report generated successfully: report.csv
2025-12-18 01:47:45,189 - __main__ - INFO - Step 4: Running Market Gate (buy_list.csv)...
2025-12-18 01:47:45,208 - src.market_gate - INFO - Market Gate processed 85 items. Saved to buy_list.csv
2025-12-18 01:47:45,208 - __main__ - INFO - Batch completed successfully.
2025-12-18 02:12:50,559 - __main__ - INFO - Starting IP Research Tool Weekly Batch...
2025-12-18 02:12:50,559 - __main__ - INFO - Step 1: Fetching candidates from AniList...
2025-12-18 02:12:50,559 - src.anilist_client - INFO - Fetching 100 items sorted by TRENDING_DESC...
2025-12-18 02:12:52,326 - src.anilist_client - INFO - Fetching 100 items sorted by POPULARITY_DESC...
2025-12-18 02:12:53,857 - src.anilist_client - INFO - Merged candidates: 85 unique items (from 50 trending, 50 popular)
2025-12-18 02:12:53,857 - __main__ - INFO - Step 2: Enriching data with Google Trends signals...
2025-12-18 02:12:54,786 - src.google_trends_client - INFO - Using cached Trends data for 'Chainsaw Man'
2025-12-18 02:12:54,803 - src.google_trends_client - INFO - Using cached Trends data for 'Jujutsu Kaisen'
2025-12-18 02:12:54,803 - src.google_trends_client - INFO - Using cached Trends data for 'Berserk'
2025-12-18 02:12:54,803 - src.google_trends_client - INFO - Using cached Trends data for 'Attack on Titan'
2025-12-18 02:12:54,803 - src.google_trends_client - INFO - Using cached Trends data for 'One Piece'
2025-12-18 02:12:54,804 - src.google_trends_client - INFO - Using cached Trends data for 'Demon Slayer: Kimetsu no Yaiba'
2025-12-18 02:12:54,804 - src.google_trends_client - INFO - Using cached Trends data for 'Tokyo Ghoul'
2025-12-18 02:12:54,804 - src.google_trends_client - INFO - Using cached Trends data for 'My Hero Academia'
2025-12-18 02:12:54,804 - src.google_trends_client - INFO - Using cached Trends data for 'Goodnight Punpun'
2025-12-18 02:12:54,804 - src.google_trends_client - INFO - Using cached Trends data for 'One-Punch Man'
2025-12-18 02:12:54,805 - src.google_trends_client - INFO - Using cached Trends data for 'SPY x FAMILY'
2025-12-18 02:12:54,805 - src.google_trends_client - INFO - Sleeping 4.00s before Trends request for 'Vagabond'...
2025-12-18 02:13:00,992 - src.google_trends_client - INFO - Trends success for 'Vagabond' via 'One Piece': Score 6.0
2025-12-18 02:13:00,992 - src.google_trends_client - INFO - Sleeping 5.80s before Trends request for 'Vinland Saga'...
2025-12-18 02:13:08,884 - src.google_trends_client - INFO - Trends success for 'Vinland Saga' via 'One Piece': Score 5.3
2025-12-18 02:13:08,884 - src.google_trends_client - INFO - Sleeping 3.16s before Trends request for 'The Promised Neverland'...
2025-12-18 02:13:13,954 - src.google_trends_client - INFO - Trends success for 'The Promised Neverland' via 'One Piece': Score 0.0
2025-12-18 02:13:13,954 - src.google_trends_client - INFO - Using cached Trends data for 'Horimiya'
2025-12-18 02:13:13,955 - src.google_trends_client - INFO - Using cached Trends data for 'Tokyo Revengers'
2025-12-18 02:13:13,955 - src.google_trends_client - INFO - Using cached Trends data for 'Blue Lock'
2025-12-18 02:13:13,955 - src.google_trends_client - INFO - Sleeping 4.45s before Trends request for 'Kaguya-sama: Love is War'...
2025-12-18 02:13:20,382 - src.google_trends_client - ERROR - Trends API error for [Kaguya-sama: Love is War, One Piece]: The request failed: Google returned a response with code 429
2025-12-18 02:13:20,384 - src.google_trends_client - INFO - Using cached Trends data for 'Bleach'
2025-12-18 02:13:20,385 - src.google_trends_client - INFO - Using cached Trends data for 'Dandadan'
2025-12-18 02:13:20,385 - src.google_trends_client - INFO - Using cached Trends data for 'Komi Can't Communicate'
2025-12-18 02:13:20,385 - src.google_trends_client - INFO - Using cached Trends data for 'Black Clover'
2025-12-18 02:13:20,385 - src.google_trends_client - INFO - Using cached Trends data for 'Hunter x Hunter'
2025-12-18 02:13:20,385 - src.google_trends_client - INFO - Sleeping 5.27s before Trends request for 'Kaiju No.8'...
2025-12-18 02:13:27,570 - src.google_trends_client - INFO - Trends success for 'Kaiju No.8' via 'One Piece': Score 0.0
2025-12-18 02:13:27,570 - src.google_trends_client - INFO - Sleeping 3.44s before Trends request for 'Monster'...
2025-12-18 02:13:32,974 - src.google_trends_client - INFO - Trends success for 'Monster' via 'One Piece': Score 131.5
2025-12-18 02:13:32,974 - src.google_trends_client - INFO - Sleeping 5.21s before Trends request for '[Oshi no Ko]'...
2025-12-18 02:13:40,377 - src.google_trends_client - INFO - Trends success for '[Oshi no Ko]' via 'One Piece': Score 1.4
2025-12-18 02:13:40,377 - src.google_trends_client - INFO - Using cached Trends data for '20th Century Boys'
2025-12-18 02:13:40,377 - src.google_trends_client - INFO - Using cached Trends data for 'Haikyu!!'
2025-12-18 02:13:40,378 - src.google_trends_client - INFO - Sleeping 5.39s before Trends request for 'Tokyo Ghoul:re'...
2025-12-18 02:13:47,376 - src.google_trends_client - INFO - Trends success for 'Tokyo Ghoul:re' via 'One Piece': Score 0.0
2025-12-18 02:13:53,336 - src.google_trends_client - INFO - Using cached Trends data for 'Fire Punch'
2025-12-18 02:13:53,336 - src.google_trends_client - INFO - Using cached Trends data for 'Naruto'
2025-12-18 02:13:53,336 - src.google_trends_client - INFO - Using cached Trends data for 'Death Note'
2025-12-18 02:13:53,336 - src.google_trends_client - INFO - Using cached Trends data for 'HellÅfs Paradise: Jigokuraku'
2025-12-18 02:13:53,336 - src.google_trends_client - INFO - Sleeping 5.62s before Trends request for 'My Dress-Up Darling'...
2025-12-18 02:14:00,906 - src.google_trends_client - INFO - Trends success for 'My Dress-Up Darling' via 'One Piece': Score 0.0
2025-12-18 02:14:00,906 - src.google_trends_client - INFO - Using cached Trends data for 'A Silent Voice'
2025-12-18 02:14:00,906 - src.google_trends_client - INFO - Using cached Trends data for 'Dr. STONE'
2025-12-18 02:14:00,906 - src.google_trends_client - INFO - Using cached Trends data for 'Uzumaki: Spiral into Horror'
2025-12-18 02:14:00,906 - src.google_trends_client - INFO - Using cached Trends data for 'Sakamoto Days'
2025-12-18 02:14:00,906 - src.google_trends_client - INFO - Using cached Trends data for 'Dorohedoro'
2025-12-18 02:14:00,906 - src.google_trends_client - INFO - Using cached Trends data for 'Jumyou wo Kaitotte Moratta. Ichinen ni Tsuki, Ichimanen de.'
2025-12-18 02:14:00,906 - src.google_trends_client - INFO - Using cached Trends data for 'Frieren: Beyond JourneyÅfs End'
2025-12-18 02:14:00,906 - src.google_trends_client - INFO - Using cached Trends data for 'The Fragrant Flower Blooms With Dignity'
2025-12-18 02:14:00,906 - src.google_trends_client - INFO - Using cached Trends data for 'Land of the Lustrous'
2025-12-18 02:14:00,906 - src.google_trends_client - INFO - Using cached Trends data for 'Fullmetal Alchemist'
2025-12-18 02:14:00,906 - src.google_trends_client - INFO - Using cached Trends data for 'Goodbye, Eri'
2025-12-18 02:14:00,906 - src.google_trends_client - INFO - Using cached Trends data for 'Blue Period'
2025-12-18 02:14:00,907 - src.google_trends_client - INFO - Using cached Trends data for 'Don't Toy With Me, Miss Nagatoro'
2025-12-18 02:14:00,907 - src.google_trends_client - INFO - Using cached Trends data for 'Kingdom'
2025-12-18 02:14:00,907 - src.google_trends_client - INFO - Using cached Trends data for 'JoJo's Bizarre Adventure Part 6: Stone Ocean'
2025-12-18 02:14:00,907 - __main__ - INFO - Step 3: Generating report.csv...
2025-12-18 02:14:00,914 - src.reporter - INFO - Report generated successfully: report.csv
2025-12-18 02:14:00,914 - __main__ - INFO - Step 4: Running Market Gate (buy_list.csv)...
2025-12-18 02:14:00,954 - src.market_gate - INFO - Market Gate processed 85 items. Saved to buy_list.csv
2025-12-18 02:14:00,954 - __main__ - INFO - Batch completed successfully.
